#
# There is insufficient memory for the Java Runtime Environment to continue.
# Native memory allocation (malloc) failed to allocate 1048576 bytes for AllocateHeap
# Possible reasons:
#   The system is out of physical RAM or swap space
#   The process is running with CompressedOops enabled, and the Java Heap may be blocking the growth of the native heap
# Possible solutions:
#   Reduce memory load on the system
#   Increase physical memory or swap space
#   Check if swap backing store is full
#   Decrease Java heap size (-Xmx/-Xms)
#   Decrease number of Java threads
#   Decrease Java thread stack sizes (-Xss)
#   Set larger code cache with -XX:ReservedCodeCacheSize=
#   JVM is running with Unscaled Compressed Oops mode in which the Java heap is
#     placed in the first 4GB address space. The Java Heap base address is the
#     maximum limit for the native heap growth. Please use -XX:HeapBaseMinAddress
#     to set the Java Heap base and to place the Java Heap above 4GB virtual address.
# This output file may be truncated or incomplete.
#
#  Out of Memory Error (memory/allocation.inline.hpp:61), pid=14028, tid=0x0000000000000830
#
# JRE version:  (8.0_281-b09) (build )
# Java VM: Java HotSpot(TM) 64-Bit Server VM (25.281-b09 mixed mode windows-amd64 compressed oops)
# Failed to write core dump. Minidumps are not enabled by default on client versions of Windows
#

---------------  T H R E A D  ---------------

Current thread (0x00000205aff07000):  JavaThread "Unknown thread" [_thread_in_vm, id=2096, stack(0x0000001a94100000,0x0000001a94200000)]

Stack: [0x0000001a94100000,0x0000001a94200000]
Native frames: (J=compiled Java code, j=interpreted, Vv=VM code, C=native code)
V  [jvm.dll+0x32e5b9]
V  [jvm.dll+0x275012]
V  [jvm.dll+0x275cbd]
V  [jvm.dll+0x26c6f5]
V  [jvm.dll+0x509d]
V  [jvm.dll+0x3c96ec]
V  [jvm.dll+0x3c5a67]
V  [jvm.dll+0xfcaaf]
V  [jvm.dll+0x209a1b]
V  [jvm.dll+0x2383d7]
V  [jvm.dll+0x162566]
C  [java.exe+0x2312]
C  [java.exe+0x15f54]
C  [KERNEL32.DLL+0x17614]
C  [ntdll.dll+0x526a1]


---------------  P R O C E S S  ---------------

Java Threads: ( => current thread )

Other Threads:

=>0x00000205aff07000 (exited) JavaThread "Unknown thread" [_thread_in_vm, id=2096, stack(0x0000001a94100000,0x0000001a94200000)]

VM state:not at safepoint (normal execution)

VM Mutex/Monitor currently owned by a thread: None

heap address: 0x0000000082400000, size: 2012 MB, Compressed Oops mode: 32-bit
Narrow klass base: 0x0000000000000000, Narrow klass shift: 3
Compressed class space size: 1073741824 Address: 0x0000000100000000

Heap:
 PSYoungGen      total 37888K, used 655K [0x00000000d6180000, 0x00000000d8b80000, 0x0000000100000000)
  eden space 32768K, 2% used [0x00000000d6180000,0x00000000d6223d80,0x00000000d8180000)
  from space 5120K, 0% used [0x00000000d8680000,0x00000000d8680000,0x00000000d8b80000)
  to   space 5120K, 0% used [0x00000000d8180000,0x00000000d8180000,0x00000000d8680000)
 ParOldGen       total 86016K, used 0K [0x0000000082400000, 0x0000000087800000, 0x00000000d6180000)
  object space 86016K, 0% used [0x0000000082400000,0x0000000082400000,0x0000000087800000)
 Metaspace       used 777K, capacity 4480K, committed 4480K, reserved 1056768K
  class space    used 76K, capacity 384K, committed 384K, reserved 1048576K

Card table byte_map: [0x00000205c0cd0000,0x00000205c10c0000] byte_map_base: 0x00000205c08be000

Marking Bits: (ParMarkBitMap*) 0x000000005a9a6ff0
 Begin Bits: [0x00000205c1360000, 0x00000205c32d0000)
 End Bits:   [0x00000205c32d0000, 0x00000205c5240000)

Polling page: 0x00000205b00b0000

CodeCache: size=245760Kb used=328Kb max_used=328Kb free=245431Kb
 bounds [0x00000205b1910000, 0x00000205b1b80000, 0x00000205c0910000]
 total_blobs=58 nmethods=0 adapters=38
 compilation: enabled

Compilation events (0 events):
No events

GC Heap History (0 events):
No events

Deoptimization events (0 events):
No events

Classes redefined (0 events):
No events

Internal exceptions (0 events):
No events

Events (10 events):
Event: 0.027 loading class java/lang/Short
Event: 0.027 loading class java/lang/Short done
Event: 0.027 loading class java/lang/Integer
Event: 0.027 loading class java/lang/Integer done
Event: 0.027 loading class java/lang/Long
Event: 0.027 loading class java/lang/Long done
Event: 0.028 loading class java/lang/NullPointerException
Event: 0.028 loading class java/lang/NullPointerException done
Event: 0.028 loading class java/lang/ArithmeticException
Event: 0.028 loading class java/lang/ArithmeticException done


Dynamic libraries:
0x00007ff7948c0000 - 0x00007ff794907000 	C:\Program Files\Java\jdk1.8.0_281\bin\java.exe
0x00007ffc71310000 - 0x00007ffc71508000 	C:\Windows\SYSTEM32\ntdll.dll
0x00007ffc6f890000 - 0x00007ffc6f94f000 	C:\Windows\System32\KERNEL32.DLL
0x00007ffc6ee80000 - 0x00007ffc6f152000 	C:\Windows\System32\KERNELBASE.dll
0x00007ffc6f370000 - 0x00007ffc6f41e000 	C:\Windows\System32\ADVAPI32.dll
0x00007ffc6fcb0000 - 0x00007ffc6fd4e000 	C:\Windows\System32\msvcrt.dll
0x00007ffc6f950000 - 0x00007ffc6f9ec000 	C:\Windows\System32\sechost.dll
0x00007ffc70c60000 - 0x00007ffc70d84000 	C:\Windows\System32\RPCRT4.dll
0x00007ffc71050000 - 0x00007ffc711f1000 	C:\Windows\System32\USER32.dll
0x00007ffc6f160000 - 0x00007ffc6f182000 	C:\Windows\System32\win32u.dll
0x00007ffc6fdb0000 - 0x00007ffc6fddb000 	C:\Windows\System32\GDI32.dll
0x00007ffc6f1e0000 - 0x00007ffc6f2ef000 	C:\Windows\System32\gdi32full.dll
0x00007ffc6ecb0000 - 0x00007ffc6ed4d000 	C:\Windows\System32\msvcp_win.dll
0x00007ffc6ed50000 - 0x00007ffc6ee50000 	C:\Windows\System32\ucrtbase.dll
0x00007ffc56040000 - 0x00007ffc562da000 	C:\Windows\WinSxS\amd64_microsoft.windows.common-controls_6595b64144ccf1df_6.0.19041.1110_none_60b5254171f9507e\COMCTL32.dll
0x00007ffc70eb0000 - 0x00007ffc70ee0000 	C:\Windows\System32\IMM32.DLL
0x00007ffc6a050000 - 0x00007ffc6a065000 	C:\Program Files\Java\jdk1.8.0_281\jre\bin\vcruntime140.dll
0x00007ffc3b2c0000 - 0x00007ffc3b35b000 	C:\Program Files\Java\jdk1.8.0_281\jre\bin\msvcp140.dll
0x000000005a1c0000 - 0x000000005aa1f000 	C:\Program Files\Java\jdk1.8.0_281\jre\bin\server\jvm.dll
0x00007ffc70d90000 - 0x00007ffc70d98000 	C:\Windows\System32\PSAPI.DLL
0x00007ffc4c670000 - 0x00007ffc4c679000 	C:\Windows\SYSTEM32\WSOCK32.dll
0x00007ffc53080000 - 0x00007ffc530a7000 	C:\Windows\SYSTEM32\WINMM.dll
0x00007ffc6ff10000 - 0x00007ffc6ff7b000 	C:\Windows\System32\WS2_32.dll
0x00007ffc67340000 - 0x00007ffc6734a000 	C:\Windows\SYSTEM32\VERSION.dll
0x00007ffc6d220000 - 0x00007ffc6d232000 	C:\Windows\SYSTEM32\kernel.appcore.dll
0x00007ffc6a140000 - 0x00007ffc6a150000 	C:\Program Files\Java\jdk1.8.0_281\jre\bin\verify.dll
0x00007ffc670f0000 - 0x00007ffc6711b000 	C:\Program Files\Java\jdk1.8.0_281\jre\bin\java.dll
0x00007ffc69ff0000 - 0x00007ffc6a008000 	C:\Program Files\Java\jdk1.8.0_281\jre\bin\zip.dll
0x00007ffc6c790000 - 0x00007ffc6c974000 	C:\Windows\SYSTEM32\dbghelp.dll
0x00007ffc6ea10000 - 0x00007ffc6ea92000 	C:\Windows\System32\bcryptPrimitives.dll

VM Arguments:
java_command: <unknown>
java_class_path (initial): .
Launcher Type: SUN_STANDARD

Environment Variables:
JAVA_HOME=C:\Program Files\Java\jdk-17.0.2
PATH=C:\Program Files\Common Files\Oracle\Java\javapath;C:\Program Files (x86)\Common Files\Oracle\Java\javapath;C:\Windows\system32;C:\Windows;C:\Windows\System32\Wbem;C:\Windows\System32\WindowsPowerShell\v1.0;C:\Windows\System32\OpenSSH\;C:\Program Files\Java\jdk-17.0.2\bin;C:\Program Files\Git\cmd;C:\ProgramData\UNIVALI\Portugol Studio;C:\Program Files\nodejs\;C:\ProgramData\chocolatey\bin;C:\Users\hp\AppData\Local\Microsoft\WindowsApps;;C:\Users\hp\AppData\Local\Programs\Microsoft VS Code\bin;C:\Users\hp\AppData\Roaming\npm
USERNAME=hp
OS=Windows_NT
PROCESSOR_IDENTIFIER=Intel64 Family 6 Model 158 Stepping 10, GenuineIntel



---------------  S Y S T E M  ---------------

OS: Windows 10.0 , 64 bit Build 19041 (10.0.19041.2546)

CPU:total 8 (initial active 8) (4 cores per cpu, 2 threads per core) family 6 model 158 stepping 10, cmov, cx8, fxsr, mmx, sse, sse2, sse3, ssse3, sse4.1, sse4.2, popcnt, avx, avx2, aes, clmul, erms, 3dnowpref, lzcnt, ht, tsc, tscinvbit, bmi1, bmi2, adx

Memory: 4k page, physical 8233088k(1481596k free), swap 10330240k(5140k free)

vm_info: Java HotSpot(TM) 64-Bit Server VM (25.281-b09) for windows-amd64 JRE (1.8.0_281-b09), built on Dec  9 2020 13:54:07 by "" with MS VC++ 15.9 (VS2017)

time: Wed Apr  5 06:19:58 2023
timezone: Hora de Verão central
elapsed time: 0.048549 seconds (0d 0h 0m 0s)

